2021-09-23 12:25:33,905 - root - INFO - ARIA data acquisition
2021-09-23 12:25:33,907 - root - INFO - Serial numbers:
2021-09-23 12:25:33,908 - root - INFO - NO2: 212890332
2021-09-23 12:25:33,909 - root - INFO - CO: 132420228
2021-09-23 12:25:33,910 - root - INFO - Sensors init
2021-09-23 12:25:33,996 - root - INFO - Read single sample
2021-09-23 12:25:34,326 - root - INFO - 22.000   25.600   315.469   322.625   1023.969   214.344
2021-09-23 12:25:34,328 - root - INFO - Init plotting
2021-09-23 12:25:35,078 - root - INFO - Enter acquisition loop
2021-09-23 12:25:35,080 - root - INFO - Time elapsed: 1.049041748046875e-05
2021-09-23 12:25:35,081 - root - INFO - Calling mavlink_data.c to get telemetry data
2021-09-23 12:25:35,396 - root - INFO - pm25     pm10     WE_NO2    AE_NO2      WE_CO     AE_CO
2021-09-23 12:25:35,398 - root - INFO - 22.100   25.900   318.156   323.750   1023.969   210.062    valori misurati
2021-09-23 12:25:35,399 - root - INFO - pm25     pm10     NO2      CO       NO   VOCs
2021-09-23 12:25:35,401 - root - INFO - 22.100   25.900   -80.132   2698.661   0.000   0.000    valori grafico  (ppb)  (pm in ug/m^3 e VOCs in mV)
2021-09-23 12:25:35,402 - root - INFO - 22.100   25.900   318.156   323.750   1023.969   210.062    valori misurati
2021-09-23 12:25:35,403 - root - INFO - 22.100   25.900   -150.648   3089.967   0.000   0.000    valori grafico  (migrogrammi/m^3)  (pm in ug/m^3 e VOCs in mV)
2021-09-23 12:25:39,589 - root - INFO - Time elapsed: 4.509333610534668
2021-09-23 12:25:39,597 - root - INFO - Calling mavlink_data.c to get telemetry data
2021-09-23 12:25:39,877 - root - INFO - pm25     pm10     WE_NO2    AE_NO2      WE_CO     AE_CO
2021-09-23 12:25:39,879 - root - INFO - 22.100   25.700   318.406   321.812   1023.969   218.094    valori misurati
2021-09-23 12:25:39,883 - root - INFO - pm25     pm10     NO2      CO       NO   VOCs
2021-09-23 12:25:39,885 - root - INFO - 22.100   25.700   -62.099   2746.466   0.000   0.000    valori grafico  (ppb)  (pm in ug/m^3 e VOCs in mV)
2021-09-23 12:25:39,887 - root - INFO - 22.100   25.700   318.406   321.812   1023.969   218.094    valori misurati
2021-09-23 12:25:39,890 - root - INFO - 22.100   25.700   -116.745   3144.703   0.000   0.000    valori grafico  (migrogrammi/m^3)  (pm in ug/m^3 e VOCs in mV)
2021-09-23 12:25:44,239 - root - INFO - Time elapsed: 9.15912389755249
2021-09-23 12:25:44,242 - root - INFO - Calling mavlink_data.c to get telemetry data
2021-09-23 12:25:45,376 - root - INFO - pm25     pm10     WE_NO2    AE_NO2      WE_CO     AE_CO
2021-09-23 12:25:45,380 - root - INFO - 22.000   25.600   316.656   322.406   1008.500   210.750    valori misurati
2021-09-23 12:25:45,384 - root - INFO - pm25     pm10     NO2      CO       NO   VOCs
2021-09-23 12:25:45,386 - root - INFO - 22.000   25.600   -75.301   2641.369   0.000   0.000    valori grafico  (ppb)  (pm in ug/m^3 e VOCs in mV)
2021-09-23 12:25:45,388 - root - INFO - 22.000   25.600   316.656   322.406   1008.500   210.750    valori misurati
2021-09-23 12:25:45,392 - root - INFO - 22.000   25.600   -141.566   3024.368   0.000   0.000    valori grafico  (migrogrammi/m^3)  (pm in ug/m^3 e VOCs in mV)
2021-09-23 12:25:48,257 - root - INFO - Time elapsed: 13.177364826202393
2021-09-23 12:25:48,260 - root - INFO - Calling mavlink_data.c to get telemetry data
2021-09-23 12:25:49,395 - root - INFO - pm25     pm10     WE_NO2    AE_NO2      WE_CO     AE_CO
2021-09-23 12:25:49,398 - root - INFO - 22.000   25.500   314.469   328.219   972.719   204.812    valori misurati
2021-09-23 12:25:49,402 - root - INFO - pm25     pm10     NO2      CO       NO   VOCs
2021-09-23 12:25:49,404 - root - INFO - 22.000   25.500   -135.995   2464.038   0.000   0.000    valori grafico  (ppb)  (pm in ug/m^3 e VOCs in mV)
2021-09-23 12:25:49,407 - root - INFO - 22.000   25.500   314.469   328.219   972.719   204.812    valori misurati
2021-09-23 12:25:49,410 - root - INFO - 22.000   25.500   -255.670   2821.323   0.000   0.000    valori grafico  (migrogrammi/m^3)  (pm in ug/m^3 e VOCs in mV)
2021-09-23 12:25:52,334 - root - INFO - Time elapsed: 17.253822088241577
2021-09-23 12:25:52,336 - root - INFO - Calling mavlink_data.c to get telemetry data
2021-09-23 12:25:52,868 - root - INFO - pm25     pm10     WE_NO2    AE_NO2      WE_CO     AE_CO
2021-09-23 12:25:52,870 - root - INFO - 21.900   25.600   316.031   325.500   959.438   222.781    valori misurati
2021-09-23 12:25:52,874 - root - INFO - pm25     pm10     NO2      CO       NO   VOCs
2021-09-23 12:25:52,876 - root - INFO - 21.900   25.600   -105.132   2518.291   0.000   0.000    valori grafico  (ppb)  (pm in ug/m^3 e VOCs in mV)
2021-09-23 12:25:52,877 - root - INFO - 21.900   25.600   316.031   325.500   959.438   222.781    valori misurati
2021-09-23 12:25:52,881 - root - INFO - 21.900   25.600   -197.648   2883.443   0.000   0.000    valori grafico  (migrogrammi/m^3)  (pm in ug/m^3 e VOCs in mV)
2021-09-23 12:25:55,819 - root - INFO - Time elapsed: 20.73891592025757
2021-09-23 12:25:55,821 - root - INFO - Calling mavlink_data.c to get telemetry data
2021-09-23 12:25:56,052 - root - INFO - pm25     pm10     WE_NO2    AE_NO2      WE_CO     AE_CO
2021-09-23 12:25:56,054 - root - INFO - 21.800   25.000   316.469   327.000   936.406   224.000    valori misurati
2021-09-23 12:25:56,058 - root - INFO - pm25     pm10     NO2      CO       NO   VOCs
2021-09-23 12:25:56,059 - root - INFO - 21.800   25.000   -116.198   2434.152   0.000   0.000    valori grafico  (ppb)  (pm in ug/m^3 e VOCs in mV)
2021-09-23 12:25:56,061 - root - INFO - 21.800   25.000   316.469   327.000   936.406   224.000    valori misurati
2021-09-23 12:25:56,064 - root - INFO - 21.800   25.000   -218.453   2787.104   0.000   0.000    valori grafico  (migrogrammi/m^3)  (pm in ug/m^3 e VOCs in mV)
2021-09-23 12:25:58,947 - root - INFO - Time elapsed: 23.86731219291687
2021-09-23 12:25:58,949 - root - INFO - Calling mavlink_data.c to get telemetry data
2021-09-23 12:25:59,380 - root - INFO - pm25     pm10     WE_NO2    AE_NO2      WE_CO     AE_CO
2021-09-23 12:25:59,383 - root - INFO - 21.600   27.900   316.875   322.938   917.500   223.000    valori misurati
2021-09-23 12:25:59,387 - root - INFO - pm25     pm10     NO2      CO       NO   VOCs
2021-09-23 12:25:59,388 - root - INFO - 21.600   27.900   -78.928   2353.175   0.000   0.000    valori grafico  (ppb)  (pm in ug/m^3 e VOCs in mV)
2021-09-23 12:25:59,390 - root - INFO - 21.600   27.900   316.875   322.938   917.500   223.000    valori misurati
2021-09-23 12:25:59,393 - root - INFO - 21.600   27.900   -148.384   2694.385   0.000   0.000    valori grafico  (migrogrammi/m^3)  (pm in ug/m^3 e VOCs in mV)
2021-09-23 12:26:02,263 - root - INFO - Time elapsed: 27.182870388031006
2021-09-23 12:26:02,265 - root - INFO - Calling mavlink_data.c to get telemetry data
2021-09-23 12:26:02,362 - root - INFO - pm25     pm10     WE_NO2    AE_NO2      WE_CO     AE_CO
2021-09-23 12:26:02,365 - root - INFO - 21.700   28.400   313.125   324.031   890.250   204.625    valori misurati
2021-09-23 12:26:02,368 - root - INFO - pm25     pm10     NO2      CO       NO   VOCs
2021-09-23 12:26:02,371 - root - INFO - 21.700   28.400   -105.662   2135.665   0.000   0.000    valori grafico  (ppb)  (pm in ug/m^3 e VOCs in mV)
2021-09-23 12:26:02,372 - root - INFO - 21.700   28.400   313.125   324.031   890.250   204.625    valori misurati
2021-09-23 12:26:02,375 - root - INFO - 21.700   28.400   -198.645   2445.336   0.000   0.000    valori grafico  (migrogrammi/m^3)  (pm in ug/m^3 e VOCs in mV)
2021-09-23 12:26:05,232 - root - INFO - Time elapsed: 30.152273654937744
2021-09-23 12:26:05,234 - root - INFO - Calling mavlink_data.c to get telemetry data
2021-09-23 12:26:05,364 - root - INFO - pm25     pm10     WE_NO2    AE_NO2      WE_CO     AE_CO
2021-09-23 12:26:05,367 - root - INFO - 21.700   28.300   313.969   322.219   884.000   223.875    valori misurati
2021-09-23 12:26:05,370 - root - INFO - pm25     pm10     NO2      CO       NO   VOCs
2021-09-23 12:26:05,372 - root - INFO - 21.700   28.300   -85.995   2225.446   0.000   0.000    valori grafico  (ppb)  (pm in ug/m^3 e VOCs in mV)
2021-09-23 12:26:05,374 - root - INFO - 21.700   28.300   313.969   322.219   884.000   223.875    valori misurati
2021-09-23 12:26:05,377 - root - INFO - 21.700   28.300   -161.670   2548.136   0.000   0.000    valori grafico  (migrogrammi/m^3)  (pm in ug/m^3 e VOCs in mV)
2021-09-23 12:26:08,263 - root - INFO - Time elapsed: 33.18298697471619
2021-09-23 12:26:08,265 - root - INFO - Calling mavlink_data.c to get telemetry data
2021-09-23 12:26:08,363 - root - INFO - pm25     pm10     WE_NO2    AE_NO2      WE_CO     AE_CO
2021-09-23 12:26:08,366 - root - INFO - 21.800   28.600   314.531   319.906   871.344   226.656    valori misurati
2021-09-23 12:26:08,369 - root - INFO - pm25     pm10     NO2      CO       NO   VOCs
2021-09-23 12:26:08,371 - root - INFO - 21.800   28.600   -63.260   2191.778   0.000   0.000    valori grafico  (ppb)  (pm in ug/m^3 e VOCs in mV)
2021-09-23 12:26:08,373 - root - INFO - 21.800   28.600   314.531   319.906   871.344   226.656    valori misurati
2021-09-23 12:26:08,376 - root - INFO - 21.800   28.600   -118.928   2509.586   0.000   0.000    valori grafico  (migrogrammi/m^3)  (pm in ug/m^3 e VOCs in mV)
2021-09-23 12:26:11,230 - root - INFO - Time elapsed: 36.15067744255066
2021-09-23 12:26:11,233 - root - INFO - Calling mavlink_data.c to get telemetry data
2021-09-23 12:26:11,415 - root - INFO - pm25     pm10     WE_NO2    AE_NO2      WE_CO     AE_CO
2021-09-23 12:26:11,417 - root - INFO - 21.800   28.600   312.188   324.031   856.531   228.406    valori misurati
2021-09-23 12:26:11,421 - root - INFO - pm25     pm10     NO2      CO       NO   VOCs
2021-09-23 12:26:11,423 - root - INFO - 21.800   28.600   -109.963   2143.415   0.000   0.000    valori grafico  (ppb)  (pm in ug/m^3 e VOCs in mV)
2021-09-23 12:26:11,425 - root - INFO - 21.800   28.600   312.188   324.031   856.531   228.406    valori misurati
2021-09-23 12:26:11,428 - root - INFO - 21.800   28.600   -206.730   2454.210   0.000   0.000    valori grafico  (migrogrammi/m^3)  (pm in ug/m^3 e VOCs in mV)
2021-09-23 12:26:14,344 - root - INFO - Time elapsed: 39.26395082473755
2021-09-23 12:26:14,346 - root - INFO - Calling mavlink_data.c to get telemetry data
2021-09-23 12:26:14,877 - root - INFO - pm25     pm10     WE_NO2    AE_NO2      WE_CO     AE_CO
2021-09-23 12:26:14,880 - root - INFO - 21.900   28.700   312.000   317.438   840.594   232.750    valori misurati
2021-09-23 12:26:14,883 - root - INFO - pm25     pm10     NO2      CO       NO   VOCs
2021-09-23 12:26:14,885 - root - INFO - 21.900   28.700   -53.354   2106.027   0.000   0.000    valori grafico  (ppb)  (pm in ug/m^3 e VOCs in mV)
2021-09-23 12:26:14,887 - root - INFO - 21.900   28.700   312.000   317.438   840.594   232.750    valori misurati
2021-09-23 12:26:14,891 - root - INFO - 21.900   28.700   -100.306   2411.401   0.000   0.000    valori grafico  (migrogrammi/m^3)  (pm in ug/m^3 e VOCs in mV)
2021-09-23 12:26:17,865 - root - INFO - Time elapsed: 42.78498983383179
2021-09-23 12:26:17,867 - root - INFO - Calling mavlink_data.c to get telemetry data
2021-09-23 12:26:18,398 - root - INFO - pm25     pm10     WE_NO2    AE_NO2      WE_CO     AE_CO
2021-09-23 12:26:18,401 - root - INFO - 21.800   28.500   311.375   321.219   827.625   233.250    valori misurati
2021-09-23 12:26:18,405 - root - INFO - pm25     pm10     NO2      CO       NO   VOCs
2021-09-23 12:26:18,407 - root - INFO - 21.800   28.500   -89.177   2057.540   0.000   0.000    valori grafico  (ppb)  (pm in ug/m^3 e VOCs in mV)
2021-09-23 12:26:18,408 - root - INFO - 21.800   28.500   311.375   321.219   827.625   233.250    valori misurati
2021-09-23 12:26:18,412 - root - INFO - 21.800   28.500   -167.653   2355.883   0.000   0.000    valori grafico  (migrogrammi/m^3)  (pm in ug/m^3 e VOCs in mV)
2021-09-23 12:26:21,279 - root - INFO - Time elapsed: 46.19975161552429
2021-09-23 12:26:21,282 - root - INFO - Calling mavlink_data.c to get telemetry data
2021-09-23 12:26:21,863 - root - INFO - pm25     pm10     WE_NO2    AE_NO2      WE_CO     AE_CO
2021-09-23 12:26:21,866 - root - INFO - 21.700   28.600   313.250   322.719   798.094   142.938    valori misurati
2021-09-23 12:26:21,869 - root - INFO - pm25     pm10     NO2      CO       NO   VOCs
2021-09-23 12:26:21,872 - root - INFO - 21.700   28.600   -93.650   1402.778   0.000   0.000    valori grafico  (ppb)  (pm in ug/m^3 e VOCs in mV)
2021-09-23 12:26:21,873 - root - INFO - 21.700   28.600   313.250   322.719   798.094   142.938    valori misurati
2021-09-23 12:26:21,876 - root - INFO - 21.700   28.600   -176.061   1606.181   0.000   0.000    valori grafico  (migrogrammi/m^3)  (pm in ug/m^3 e VOCs in mV)
2021-09-23 12:26:24,715 - root - INFO - Time elapsed: 49.63566875457764
2021-09-23 12:26:24,718 - root - INFO - Calling mavlink_data.c to get telemetry data
2021-09-23 12:26:24,847 - root - INFO - pm25     pm10     WE_NO2    AE_NO2      WE_CO     AE_CO
2021-09-23 12:26:24,850 - root - INFO - 21.800   29.100   310.312   317.375   805.094   238.969    valori misurati
2021-09-23 12:26:24,854 - root - INFO - pm25     pm10     NO2      CO       NO   VOCs
2021-09-23 12:26:24,856 - root - INFO - 21.800   29.100   -60.550   2002.170   0.000   0.000    valori grafico  (ppb)  (pm in ug/m^3 e VOCs in mV)
2021-09-23 12:26:24,858 - root - INFO - 21.800   29.100   310.312   317.375   805.094   238.969    valori misurati
2021-09-23 12:26:24,861 - root - INFO - 21.800   29.100   -113.835   2292.485   0.000   0.000    valori grafico  (migrogrammi/m^3)  (pm in ug/m^3 e VOCs in mV)
2021-09-23 12:26:27,720 - root - INFO - Time elapsed: 52.640727043151855
2021-09-23 12:26:27,723 - root - INFO - Calling mavlink_data.c to get telemetry data
2021-09-23 12:26:27,853 - root - INFO - pm25     pm10     WE_NO2    AE_NO2      WE_CO     AE_CO
2021-09-23 12:26:27,855 - root - INFO - 21.800   29.000   309.875   316.906   795.844   237.875    valori misurati
2021-09-23 12:26:27,859 - root - INFO - pm25     pm10     NO2      CO       NO   VOCs
2021-09-23 12:26:27,861 - root - INFO - 21.800   29.000   -58.472   1958.953   0.000   0.000    valori grafico  (ppb)  (pm in ug/m^3 e VOCs in mV)
2021-09-23 12:26:27,862 - root - INFO - 21.800   29.000   309.875   316.906   795.844   237.875    valori misurati
2021-09-23 12:26:27,866 - root - INFO - 21.800   29.000   -109.927   2243.002   0.000   0.000    valori grafico  (migrogrammi/m^3)  (pm in ug/m^3 e VOCs in mV)
2021-09-23 12:26:30,723 - root - INFO - Time elapsed: 55.64353632926941
2021-09-23 12:26:30,725 - root - INFO - Calling mavlink_data.c to get telemetry data
2021-09-23 12:26:30,855 - root - INFO - pm25     pm10     WE_NO2    AE_NO2      WE_CO     AE_CO
2021-09-23 12:26:30,858 - root - INFO - 21.800   30.000   309.281   321.312   786.656   238.906    valori misurati
2021-09-23 12:26:30,861 - root - INFO - pm25     pm10     NO2      CO       NO   VOCs
2021-09-23 12:26:30,863 - root - INFO - 21.800   30.000   -99.599   1928.633   0.000   0.000    valori grafico  (ppb)  (pm in ug/m^3 e VOCs in mV)
2021-09-23 12:26:30,865 - root - INFO - 21.800   30.000   309.281   321.312   786.656   238.906    valori misurati
2021-09-23 12:26:30,868 - root - INFO - 21.800   30.000   -187.245   2208.285   0.000   0.000    valori grafico  (migrogrammi/m^3)  (pm in ug/m^3 e VOCs in mV)
2021-09-23 12:26:33,744 - root - INFO - Time elapsed: 58.664302587509155
2021-09-23 12:26:33,746 - root - INFO - Calling mavlink_data.c to get telemetry data
2021-09-23 12:26:33,845 - root - INFO - pm25     pm10     WE_NO2    AE_NO2      WE_CO     AE_CO
2021-09-23 12:26:33,848 - root - INFO - 21.800   30.100   312.094   316.562   778.469   243.281    valori misurati
2021-09-23 12:26:33,852 - root - INFO - pm25     pm10     NO2      CO       NO   VOCs
2021-09-23 12:26:33,854 - root - INFO - 21.800   30.100   -45.298   1922.185   0.000   0.000    valori grafico  (ppb)  (pm in ug/m^3 e VOCs in mV)
2021-09-23 12:26:33,855 - root - INFO - 21.800   30.100   312.094   316.562   778.469   243.281    valori misurati
2021-09-23 12:26:33,858 - root - INFO - 21.800   30.100   -85.161   2200.902   0.000   0.000    valori grafico  (migrogrammi/m^3)  (pm in ug/m^3 e VOCs in mV)
2021-09-23 12:26:36,743 - root - INFO - Time elapsed: 61.663419246673584
2021-09-23 12:26:36,748 - root - INFO - Calling mavlink_data.c to get telemetry data
2021-09-23 12:26:36,847 - root - INFO - pm25     pm10     WE_NO2    AE_NO2      WE_CO     AE_CO
2021-09-23 12:26:36,850 - root - INFO - 21.900   30.300   308.625   317.000   769.469   241.156    valori misurati
2021-09-23 12:26:36,853 - root - INFO - pm25     pm10     NO2      CO       NO   VOCs
2021-09-23 12:26:36,855 - root - INFO - 21.900   30.300   -65.023   1873.822   0.000   0.000    valori grafico  (ppb)  (pm in ug/m^3 e VOCs in mV)
2021-09-23 12:26:36,857 - root - INFO - 21.900   30.300   308.625   317.000   769.469   241.156    valori misurati
2021-09-23 12:26:36,860 - root - INFO - 21.900   30.300   -122.243   2145.526   0.000   0.000    valori grafico  (migrogrammi/m^3)  (pm in ug/m^3 e VOCs in mV)
2021-09-23 12:26:39,744 - root - INFO - Time elapsed: 64.66464257240295
2021-09-23 12:26:39,747 - root - INFO - Calling mavlink_data.c to get telemetry data
2021-09-23 12:26:39,844 - root - INFO - pm25     pm10     WE_NO2    AE_NO2      WE_CO     AE_CO
2021-09-23 12:26:39,847 - root - INFO - 22.000   30.900   314.094   316.656   740.625   187.781    valori misurati
2021-09-23 12:26:39,851 - root - INFO - pm25     pm10     NO2      CO       NO   VOCs
2021-09-23 12:26:39,853 - root - INFO - 22.000   30.900   -36.941   1441.654   0.000   0.000    valori grafico  (ppb)  (pm in ug/m^3 e VOCs in mV)
2021-09-23 12:26:39,854 - root - INFO - 22.000   30.900   314.094   316.656   740.625   187.781    valori misurati
2021-09-23 12:26:39,857 - root - INFO - 22.000   30.900   -69.449   1650.694   0.000   0.000    valori grafico  (migrogrammi/m^3)  (pm in ug/m^3 e VOCs in mV)
2021-09-23 12:26:42,750 - root - INFO - Time elapsed: 67.67075204849243
2021-09-23 12:26:42,753 - root - INFO - Calling mavlink_data.c to get telemetry data
2021-09-23 12:26:43,886 - root - INFO - pm25     pm10     WE_NO2    AE_NO2      WE_CO     AE_CO
2021-09-23 12:26:43,889 - root - INFO - 22.000   31.100   310.562   317.625   752.094   241.531    valori misurati
2021-09-23 12:26:43,892 - root - INFO - pm25     pm10     NO2      CO       NO   VOCs
2021-09-23 12:26:43,894 - root - INFO - 22.000   31.100   -61.583   1807.106   0.000   0.000    valori grafico  (ppb)  (pm in ug/m^3 e VOCs in mV)
2021-09-23 12:26:43,896 - root - INFO - 22.000   31.100   310.562   317.625   752.094   241.531    valori misurati
2021-09-23 12:26:43,899 - root - INFO - 22.000   31.100   -115.775   2069.136   0.000   0.000    valori grafico  (migrogrammi/m^3)  (pm in ug/m^3 e VOCs in mV)
2021-09-23 12:26:46,804 - root - INFO - Time elapsed: 71.72380352020264
2021-09-23 12:26:46,809 - root - INFO - Calling mavlink_data.c to get telemetry data
