2021-09-20 12:19:18,743 - root - INFO - ARIA data acquisition
2021-09-20 12:19:18,747 - root - INFO - Serial numbers:
2021-09-20 12:19:18,750 - root - INFO - NO2: 212890332
2021-09-20 12:19:18,753 - root - INFO - CO: 132420228
2021-09-20 12:19:18,756 - root - INFO - Sensors init
2021-09-20 12:19:18,882 - root - INFO - Read single sample
2021-09-20 12:19:19,157 - root - INFO - 0.900   1.000   295.719   302.906   312.531   274.625
2021-09-20 12:19:19,158 - root - INFO - Init plotting
2021-09-20 12:19:28,993 - root - INFO - Enter acquisition loop
2021-09-20 12:19:29,139 - root - INFO - Calling mavlink_data.c to get telemetry data
2021-09-20 12:19:29,694 - root - INFO - pm25     pm10     WE_NO2    AE_NO2      WE_CO     AE_CO
2021-09-20 12:19:29,696 - root - INFO - 0.900   1.000   296.094   307.375   314.688   272.156    valori misurati
2021-09-20 12:19:29,702 - root - INFO - pm25     pm10     NO2      CO       NO   VOCs
2021-09-20 12:19:29,704 - root - INFO - 0.900   1.000   -38.618   253.658   0.000   0.000    valori grafico  (ppb)  (pm in ug/m^3 e VOCs in mV)
2021-09-20 12:19:29,706 - root - INFO - 0.900   1.000   296.094   307.375   314.688   272.156    valori misurati
2021-09-20 12:19:29,710 - root - INFO - 0.900   1.000   -72.602   290.439   0.000   0.000    valori grafico  (migrogrammi/m^3)  (pm in ug/m^3 e VOCs in mV)
2021-09-20 12:19:46,955 - root - INFO - Calling mavlink_data.c to get telemetry data
2021-09-20 12:19:47,522 - root - INFO - pm25     pm10     WE_NO2    AE_NO2      WE_CO     AE_CO
2021-09-20 12:19:47,524 - root - INFO - 0.900   1.000   298.312   303.344   306.312   267.250    valori misurati
2021-09-20 12:19:47,605 - root - INFO - pm25     pm10     NO2      CO       NO   VOCs
2021-09-20 12:19:47,607 - root - INFO - 0.900   1.000   6.694   191.220   0.000   0.000    valori grafico  (ppb)  (pm in ug/m^3 e VOCs in mV)
2021-09-20 12:19:47,608 - root - INFO - 0.900   1.000   298.312   303.344   306.312   267.250    valori misurati
2021-09-20 12:19:47,625 - root - INFO - 0.900   1.000   12.585   218.947   0.000   0.000    valori grafico  (migrogrammi/m^3)  (pm in ug/m^3 e VOCs in mV)
2021-09-20 12:19:51,470 - root - INFO - Calling mavlink_data.c to get telemetry data
2021-09-20 12:19:51,971 - root - INFO - pm25     pm10     WE_NO2    AE_NO2      WE_CO     AE_CO
2021-09-20 12:19:51,972 - root - INFO - 0.800   0.900   297.656   302.656   310.844   272.344    valori misurati
2021-09-20 12:19:51,992 - root - INFO - pm25     pm10     NO2      CO       NO   VOCs
2021-09-20 12:19:51,994 - root - INFO - 0.800   0.900   9.676   239.521   0.000   0.000    valori grafico  (ppb)  (pm in ug/m^3 e VOCs in mV)
2021-09-20 12:19:51,995 - root - INFO - 0.800   0.900   297.656   302.656   310.844   272.344    valori misurati
2021-09-20 12:19:51,998 - root - INFO - 0.800   0.900   18.191   274.252   0.000   0.000    valori grafico  (migrogrammi/m^3)  (pm in ug/m^3 e VOCs in mV)
2021-09-20 12:19:55,787 - root - INFO - Calling mavlink_data.c to get telemetry data
2021-09-20 12:19:56,507 - root - INFO - pm25     pm10     WE_NO2    AE_NO2      WE_CO     AE_CO
2021-09-20 12:19:56,509 - root - INFO - 0.900   1.000   296.938   304.250   310.469   272.969    valori misurati
2021-09-20 12:19:56,523 - root - INFO - pm25     pm10     NO2      CO       NO   VOCs
2021-09-20 12:19:56,525 - root - INFO - 0.900   1.000   -7.511   241.753   0.000   0.000    valori grafico  (ppb)  (pm in ug/m^3 e VOCs in mV)
2021-09-20 12:19:56,527 - root - INFO - 0.900   1.000   296.938   304.250   310.469   272.969    valori misurati
2021-09-20 12:19:56,532 - root - INFO - 0.900   1.000   -14.122   276.808   0.000   0.000    valori grafico  (migrogrammi/m^3)  (pm in ug/m^3 e VOCs in mV)
2021-09-20 12:20:00,621 - root - INFO - Calling mavlink_data.c to get telemetry data
2021-09-20 12:20:01,053 - root - INFO - pm25     pm10     WE_NO2    AE_NO2      WE_CO     AE_CO
2021-09-20 12:20:01,055 - root - INFO - 0.800   0.800   296.594   303.406   309.781   274.969    valori misurati
2021-09-20 12:20:01,080 - root - INFO - pm25     pm10     NO2      CO       NO   VOCs
2021-09-20 12:20:01,086 - root - INFO - 0.800   0.800   -1.735   250.930   0.000   0.000    valori grafico  (ppb)  (pm in ug/m^3 e VOCs in mV)
2021-09-20 12:20:01,088 - root - INFO - 0.800   0.800   296.594   303.406   309.781   274.969    valori misurati
2021-09-20 12:20:01,091 - root - INFO - 0.800   0.800   -3.261   287.315   0.000   0.000    valori grafico  (migrogrammi/m^3)  (pm in ug/m^3 e VOCs in mV)
2021-09-20 12:20:04,570 - root - INFO - Calling mavlink_data.c to get telemetry data
2021-09-20 12:20:04,955 - root - INFO - pm25     pm10     WE_NO2    AE_NO2      WE_CO     AE_CO
2021-09-20 12:20:04,956 - root - INFO - 0.800   0.800   297.031   306.062   311.625   272.938    valori misurati
2021-09-20 12:20:04,961 - root - INFO - pm25     pm10     NO2      CO       NO   VOCs
2021-09-20 12:20:04,963 - root - INFO - 0.800   0.800   -22.878   246.156   0.000   0.000    valori grafico  (ppb)  (pm in ug/m^3 e VOCs in mV)
2021-09-20 12:20:04,965 - root - INFO - 0.800   0.800   297.031   306.062   311.625   272.938    valori misurati
2021-09-20 12:20:04,971 - root - INFO - 0.800   0.800   -43.011   281.848   0.000   0.000    valori grafico  (migrogrammi/m^3)  (pm in ug/m^3 e VOCs in mV)
2021-09-20 12:20:07,772 - root - INFO - Calling mavlink_data.c to get telemetry data
2021-09-20 12:20:07,947 - root - INFO - pm25     pm10     WE_NO2    AE_NO2      WE_CO     AE_CO
2021-09-20 12:20:07,949 - root - INFO - 0.800   0.800   298.094   307.281   311.188   270.750    valori misurati
2021-09-20 12:20:07,952 - root - INFO - pm25     pm10     NO2      CO       NO   VOCs
2021-09-20 12:20:07,953 - root - INFO - 0.800   0.800   -28.627   231.399   0.000   0.000    valori grafico  (ppb)  (pm in ug/m^3 e VOCs in mV)
2021-09-20 12:20:07,954 - root - INFO - 0.800   0.800   298.094   307.281   311.188   270.750    valori misurati
2021-09-20 12:20:07,958 - root - INFO - 0.800   0.800   -53.818   264.952   0.000   0.000    valori grafico  (migrogrammi/m^3)  (pm in ug/m^3 e VOCs in mV)
2021-09-20 12:20:10,819 - root - INFO - Calling mavlink_data.c to get telemetry data
2021-09-20 12:20:10,953 - root - INFO - pm25     pm10     WE_NO2    AE_NO2      WE_CO     AE_CO
2021-09-20 12:20:10,955 - root - INFO - 0.800   0.800   297.312   307.688   301.906   255.625    valori misurati
2021-09-20 12:20:10,960 - root - INFO - pm25     pm10     NO2      CO       NO   VOCs
2021-09-20 12:20:10,961 - root - INFO - 0.800   0.800   -35.751   104.539   0.000   0.000    valori grafico  (ppb)  (pm in ug/m^3 e VOCs in mV)
2021-09-20 12:20:10,963 - root - INFO - 0.800   0.800   297.312   307.688   301.906   255.625    valori misurati
2021-09-20 12:20:10,966 - root - INFO - 0.800   0.800   -67.212   119.697   0.000   0.000    valori grafico  (migrogrammi/m^3)  (pm in ug/m^3 e VOCs in mV)
2021-09-20 12:20:13,727 - root - INFO - Calling mavlink_data.c to get telemetry data
2021-09-20 12:20:13,953 - root - INFO - pm25     pm10     WE_NO2    AE_NO2      WE_CO     AE_CO
2021-09-20 12:20:13,954 - root - INFO - 0.800   0.800   297.125   300.719   310.062   264.531    valori misurati
2021-09-20 12:20:13,958 - root - INFO - pm25     pm10     NO2      CO       NO   VOCs
2021-09-20 12:20:13,961 - root - INFO - 0.800   0.800   24.126   189.918   0.000   0.000    valori grafico  (ppb)  (pm in ug/m^3 e VOCs in mV)
2021-09-20 12:20:13,963 - root - INFO - 0.800   0.800   297.125   300.719   310.062   264.531    valori misurati
2021-09-20 12:20:13,966 - root - INFO - 0.800   0.800   45.356   217.456   0.000   0.000    valori grafico  (migrogrammi/m^3)  (pm in ug/m^3 e VOCs in mV)
2021-09-20 12:20:16,720 - root - INFO - Calling mavlink_data.c to get telemetry data
2021-09-20 12:20:16,953 - root - INFO - pm25     pm10     WE_NO2    AE_NO2      WE_CO     AE_CO
2021-09-20 12:20:16,954 - root - INFO - 0.800   0.800   297.844   301.938   307.125   234.938    valori misurati
2021-09-20 12:20:16,968 - root - INFO - pm25     pm10     NO2      CO       NO   VOCs
2021-09-20 12:20:16,970 - root - INFO - 0.800   0.800   16.800   2.108   0.000   0.000    valori grafico  (ppb)  (pm in ug/m^3 e VOCs in mV)
2021-09-20 12:20:16,972 - root - INFO - 0.800   0.800   297.844   301.938   307.125   234.938    valori misurati
2021-09-20 12:20:16,977 - root - INFO - 0.800   0.800   31.585   2.414   0.000   0.000    valori grafico  (migrogrammi/m^3)  (pm in ug/m^3 e VOCs in mV)
2021-09-20 12:20:19,757 - root - INFO - Calling mavlink_data.c to get telemetry data
2021-09-20 12:20:19,959 - root - INFO - pm25     pm10     WE_NO2    AE_NO2      WE_CO     AE_CO
2021-09-20 12:20:19,961 - root - INFO - 0.800   0.800   296.688   305.438   308.312   241.344    valori misurati
2021-09-20 12:20:19,971 - root - INFO - pm25     pm10     NO2      CO       NO   VOCs
2021-09-20 12:20:19,973 - root - INFO - 0.800   0.800   -19.008   44.953   0.000   0.000    valori grafico  (ppb)  (pm in ug/m^3 e VOCs in mV)
2021-09-20 12:20:19,976 - root - INFO - 0.800   0.800   296.688   305.438   308.312   241.344    valori misurati
2021-09-20 12:20:19,981 - root - INFO - 0.800   0.800   -35.735   51.471   0.000   0.000    valori grafico  (migrogrammi/m^3)  (pm in ug/m^3 e VOCs in mV)
2021-09-20 12:20:22,707 - root - INFO - Calling mavlink_data.c to get telemetry data
2021-09-20 12:20:22,941 - root - INFO - pm25     pm10     WE_NO2    AE_NO2      WE_CO     AE_CO
2021-09-20 12:20:22,943 - root - INFO - 0.800   0.800   296.562   307.156   310.500   276.562    valori misurati
2021-09-20 12:20:22,946 - root - INFO - pm25     pm10     NO2      CO       NO   VOCs
2021-09-20 12:20:22,947 - root - INFO - 0.800   0.800   -34.561   263.269   0.000   0.000    valori grafico  (ppb)  (pm in ug/m^3 e VOCs in mV)
2021-09-20 12:20:22,949 - root - INFO - 0.800   0.800   296.562   307.156   310.500   276.562    valori misurati
2021-09-20 12:20:22,954 - root - INFO - 0.800   0.800   -64.975   301.443   0.000   0.000    valori grafico  (migrogrammi/m^3)  (pm in ug/m^3 e VOCs in mV)
2021-09-20 12:20:25,695 - root - INFO - Calling mavlink_data.c to get telemetry data
2021-09-20 12:20:25,949 - root - INFO - pm25     pm10     WE_NO2    AE_NO2      WE_CO     AE_CO
2021-09-20 12:20:25,951 - root - INFO - 0.800   0.800   300.312   310.000   314.219   276.000    valori misurati
2021-09-20 12:20:25,957 - root - INFO - pm25     pm10     NO2      CO       NO   VOCs
2021-09-20 12:20:25,964 - root - INFO - 0.800   0.800   -42.144   274.678   0.000   0.000    valori grafico  (ppb)  (pm in ug/m^3 e VOCs in mV)
2021-09-20 12:20:25,965 - root - INFO - 0.800   0.800   300.312   310.000   314.219   276.000    valori misurati
2021-09-20 12:20:25,969 - root - INFO - 0.800   0.800   -79.232   314.506   0.000   0.000    valori grafico  (migrogrammi/m^3)  (pm in ug/m^3 e VOCs in mV)
2021-09-20 12:20:28,688 - root - INFO - Calling mavlink_data.c to get telemetry data
2021-09-20 12:20:28,945 - root - INFO - pm25     pm10     WE_NO2    AE_NO2      WE_CO     AE_CO
2021-09-20 12:20:28,947 - root - INFO - 0.800   0.800   295.688   306.750   313.438   271.094    valori misurati
2021-09-20 12:20:28,951 - root - INFO - pm25     pm10     NO2      CO       NO   VOCs
2021-09-20 12:20:28,953 - root - INFO - 0.800   0.800   -35.034   242.374   0.000   0.000    valori grafico  (ppb)  (pm in ug/m^3 e VOCs in mV)
2021-09-20 12:20:28,954 - root - INFO - 0.800   0.800   295.688   306.750   313.438   271.094    valori misurati
2021-09-20 12:20:28,958 - root - INFO - 0.800   0.800   -65.865   277.518   0.000   0.000    valori grafico  (migrogrammi/m^3)  (pm in ug/m^3 e VOCs in mV)
2021-09-20 12:20:31,707 - root - INFO - Calling mavlink_data.c to get telemetry data
